--2017-08-22 13:01:01--  http://www.mapama.gob.es/es/agricultura/temas/sanidad-vegetal/productos-fitosanitarios/registro/productos/ListadoProductos.asp
Resolviendo www.mapama.gob.es (www.mapama.gob.es)... 130.206.192.8, 130.206.192.15
Conectando con www.mapama.gob.es (www.mapama.gob.es)[130.206.192.8]:80... conectado.
Petición HTTP enviada, esperando respuesta... 200 OK
Longitud: 514557 (502K) [application/vnd.ms-excel]
Grabando a: “/home/catalin/Escritorio/TFG/Productos_fitosanitarios/España/Productos_autorizados/ListadoProductos_2017_08_22-13_01.xls”

     0K .......... .......... .......... .......... ..........  9% 3,12M 0s
    50K .......... .......... .......... .......... .......... 19% 3,09M 0s
   100K .......... .......... .......... .......... .......... 29% 10,4M 0s
   150K .......... .......... .......... .......... .......... 39% 2,47M 0s
   200K .......... .......... .......... .......... .......... 49% 11,1M 0s
   250K .......... .......... .......... .......... .......... 59% 11,3M 0s
   300K .......... .......... .......... .......... .......... 69% 8,42M 0s
   350K .......... .......... .......... .......... .......... 79% 10,2M 0s
   400K .......... .......... .......... .......... .......... 89% 11,3M 0s
   450K .......... .......... .......... .......... .......... 99% 12,3M 0s
   500K ..                                                    100% 19,7M=0,08s

2017-08-22 13:01:02 (5,87 MB/s) - “/home/catalin/Escritorio/TFG/Productos_fitosanitarios/España/Productos_autorizados/ListadoProductos_2017_08_22-13_01.xls” guardado [514557/514557]

mar ago 22 13:01:02 CEST 2017: Se ha descargado el fichero con los productos autorizados
mar ago 22 13:01:09 CEST 2017: Se ha convertido el fichero viejo
mar ago 22 13:01:09 CEST 2017: Se ha borrado el fichero viejo
mar ago 22 13:01:12 CEST 2017: Se ha copiado el fichero en Hadoop. 
--2017-08-22 16:01:02--  http://www.mapama.gob.es/es/agricultura/temas/sanidad-vegetal/productos-fitosanitarios/registro/productos/ListadoProductos.asp
Resolviendo www.mapama.gob.es (www.mapama.gob.es)... 130.206.192.8, 130.206.192.15
Conectando con www.mapama.gob.es (www.mapama.gob.es)[130.206.192.8]:80... conectado.
Petición HTTP enviada, esperando respuesta... 200 OK
Longitud: 514557 (502K) [application/vnd.ms-excel]
Grabando a: “/home/catalin/Escritorio/TFG/Productos_fitosanitarios/España/Productos_autorizados/ListadoProductos_2017_08_22-16_01.xls”

     0K .......... .......... .......... .......... ..........  9% 2,99M 0s
    50K .......... .......... .......... .......... .......... 19% 3,27M 0s
   100K .......... .......... .......... .......... .......... 29% 10,2M 0s
   150K .......... .......... .......... .......... .......... 39% 2,48M 0s
   200K .......... .......... .......... .......... .......... 49% 11,3M 0s
   250K .......... .......... .......... .......... .......... 59% 11,4M 0s
   300K .......... .......... .......... .......... .......... 69% 7,65M 0s
   350K .......... .......... .......... .......... .......... 79% 10,3M 0s
   400K .......... .......... .......... .......... .......... 89% 11,0M 0s
   450K .......... .......... .......... .......... .......... 99% 12,7M 0s
   500K ..                                                    100% 20,5M=0,08s

2017-08-22 16:01:02 (5,85 MB/s) - “/home/catalin/Escritorio/TFG/Productos_fitosanitarios/España/Productos_autorizados/ListadoProductos_2017_08_22-16_01.xls” guardado [514557/514557]

mar ago 22 16:01:02 CEST 2017: Se ha descargado el fichero con los productos autorizados
mar ago 22 16:01:25 CEST 2017: Se ha convertido el fichero viejo
mar ago 22 16:01:25 CEST 2017: Se ha borrado el fichero viejo
mar ago 22 16:01:53 CEST 2017: Se ha copiado el fichero en Hadoop. 
--2017-08-22 17:01:01--  http://www.mapama.gob.es/es/agricultura/temas/sanidad-vegetal/productos-fitosanitarios/registro/productos/ListadoProductos.asp
Resolviendo www.mapama.gob.es (www.mapama.gob.es)... 130.206.192.8, 130.206.192.15
Conectando con www.mapama.gob.es (www.mapama.gob.es)[130.206.192.8]:80... conectado.
Petición HTTP enviada, esperando respuesta... 200 OK
Longitud: 514557 (502K) [application/vnd.ms-excel]
Grabando a: “/home/catalin/Escritorio/TFG/Productos_fitosanitarios/España/Productos_autorizados/ListadoProductos_2017_08_22-17_01.xls”

     0K .......... .......... .......... .......... ..........  9% 3,30M 0s
    50K .......... .......... .......... .......... .......... 19% 2,70M 0s
   100K .......... .......... .......... .......... .......... 29% 10,6M 0s
   150K .......... .......... .......... .......... .......... 39% 10,7M 0s
   200K .......... .......... .......... .......... .......... 49% 3,60M 0s
   250K .......... .......... .......... .......... .......... 59% 11,0M 0s
   300K .......... .......... .......... .......... .......... 69% 10,2M 0s
   350K .......... .......... .......... .......... .......... 79% 10,7M 0s
   400K .......... .......... .......... .......... .......... 89% 8,72M 0s
   450K .......... .......... .......... .......... .......... 99% 6,64M 0s
   500K ..                                                    100% 21,2M=0,08s

2017-08-22 17:01:02 (5,95 MB/s) - “/home/catalin/Escritorio/TFG/Productos_fitosanitarios/España/Productos_autorizados/ListadoProductos_2017_08_22-17_01.xls” guardado [514557/514557]

mar ago 22 17:01:02 CEST 2017: Se ha descargado el fichero con los productos autorizados
mar ago 22 17:01:16 CEST 2017: Se ha convertido el fichero viejo
mar ago 22 17:01:16 CEST 2017: Se ha borrado el fichero viejo
mar ago 22 17:01:33 CEST 2017: Se ha copiado el fichero en Hadoop. 
--2017-08-22 18:01:01--  http://www.mapama.gob.es/es/agricultura/temas/sanidad-vegetal/productos-fitosanitarios/registro/productos/ListadoProductos.asp
Resolviendo www.mapama.gob.es (www.mapama.gob.es)... 130.206.192.8, 130.206.192.15
Conectando con www.mapama.gob.es (www.mapama.gob.es)[130.206.192.8]:80... conectado.
Petición HTTP enviada, esperando respuesta... 200 OK
Longitud: 514557 (502K) [application/vnd.ms-excel]
Grabando a: “/home/catalin/Escritorio/TFG/Productos_fitosanitarios/España/Productos_autorizados/ListadoProductos_2017_08_22-18_01.xls”

     0K .......... .......... .......... .......... ..........  9%  845K 1s
    50K .......... .......... .......... .......... .......... 19% 1,55M 0s
   100K .......... .......... .......... .......... .......... 29% 1,57M 0s
   150K .......... .......... .......... .......... .......... 39% 1,59M 0s
   200K .......... .......... .......... .......... .......... 49% 1,64M 0s
   250K .......... .......... .......... .......... .......... 59% 1,73M 0s
   300K .......... .......... .......... .......... .......... 69% 9,96M 0s
   350K .......... .......... .......... .......... .......... 79% 1,71M 0s
   400K .......... .......... .......... .......... .......... 89% 11,0M 0s
   450K .......... .......... .......... .......... .......... 99% 1,76M 0s
   500K ..                                                    100% 10,7M=0,3s

2017-08-22 18:01:02 (1,77 MB/s) - “/home/catalin/Escritorio/TFG/Productos_fitosanitarios/España/Productos_autorizados/ListadoProductos_2017_08_22-18_01.xls” guardado [514557/514557]

mar ago 22 18:01:02 CEST 2017: Se ha descargado el fichero con los productos autorizados
mar ago 22 18:01:07 CEST 2017: Se ha convertido el fichero viejo
mar ago 22 18:01:07 CEST 2017: Se ha borrado el fichero viejo
mar ago 22 18:01:12 CEST 2017: Se ha copiado el fichero en Hadoop. 
